Time,EntityID,EntityName,X,Y,Z,VX,VY,VZ
0,0,Ace,42166.3,3.07458,0,-0,3.07458,0
0,1,Rocket,914.454,-5523.77,3039.98,0.00118403,-0.00715217,0.00393617
60,0,Ace,42166.3,187.55,0,-0,3.07458,0
60,1,Rocket,917.661,-5542.65,3050.37,0.133,-0.720596,0.396608
120,0,Ace,42166.3,372.024,0,-0,3.07458,0
120,1,Rocket,952.354,-5636.19,3101.92,1.68349,-2.72561,1.50528
180,0,Ace,42166.3,556.499,0,-0,3.07458,0
180,1,Rocket,1186.19,-5823.7,3206.11,4.45656,-2.96573,1.65221
240,0,Ace,42166.3,740.974,0,-0,3.07458,0
240,1,Rocket,1471.59,-5987.84,3297.82,5.06463,-2.51235,1.40859
300,0,Ace,42166.3,925.449,0,-0,3.07458,0
300,1,Rocket,1797.22,-6124.13,3374.64,5.80342,-2.0292,1.15189
360,0,Ace,42166.3,1109.92,0,-0,3.07458,0
360,1,Rocket,2172.7,-6229.21,3434.98,6.73902,-1.47224,0.859671
420,0,Ace,42166.3,1294.4,0,-0,3.07458,0
420,1,Rocket,2614.06,-6299.12,3477.07,8.03279,-0.854884,0.543004
480,0,Ace,42166.3,1478.87,0,-0,3.07458,0
480,1,Rocket,3153.3,-6328.42,3498.68,10.1065,-0.0962437,0.167547
540,0,Ace,42166.3,1663.35,0,-0,3.07458,0
540,1,Rocket,3883.11,-6299.01,3492.12,15.2704,1.28778,-0.477054
600,0,Ace,42166.3,1847.82,0,-0,3.07458,0
600,1,Rocket,4945.58,-6181.9,3445.19,20.2649,2.63784,-1.09329
660,0,Ace,42166.3,2032.3,0,-0,3.07458,0
660,1,Rocket,6298.21,-5986.29,3362.77,22.8057,3.43267,-1.45999
720,0,Ace,42166.3,2216.77,0,-0,3.07458,0
720,1,Rocket,7660.95,-5775.4,3272.39,22.6238,3.58699,-1.54703
780,0,Ace,42166.3,2401.25,0,-0,3.07458,0
780,1,Rocket,9013.17,-5556.5,3177.48,22.4557,3.70196,-1.61244
840,0,Ace,42166.3,2585.72,0,-0,3.07458,0
840,1,Rocket,10355.8,-5331.66,3079.17,22.3049,3.78716,-1.66139
900,0,Ace,42166.3,2770.2,0,-0,3.07458,0
900,1,Rocket,11690,-5102.4,2978.32,22.1719,3.85043,-1.69811
960,0,Ace,42166.3,2954.67,0,-0,3.07458,0
960,1,Rocket,13016.7,-4869.87,2875.54,22.0553,3.89771,-1.72586
1020,0,Ace,42166.3,3139.15,0,-0,3.07458,0
1020,1,Rocket,14336.8,-4634.87,2771.32,21.9532,3.93333,-1.74701
1080,0,Ace,42166.3,3323.62,0,-0,3.07458,0
1080,1,Rocket,15651.2,-4398.01,2665.98,21.8637,3.96038,-1.76329
1140,0,Ace,42166.3,3508.1,0,-0,3.07458,0
1140,1,Rocket,16960.6,-4159.73,2559.78,21.785,3.9811,-1.77593
1200,0,Ace,42166.3,3692.57,0,-0,3.07458,0
1200,1,Rocket,18265.5,-3920.35,2452.91,21.7155,3.9971,-1.78585
1260,0,Ace,42166.3,3877.05,0,-0,3.07458,0
1260,1,Rocket,19566.5,-3680.13,2345.51,21.6539,4.00952,-1.79369
1320,0,Ace,42166.3,4061.52,0,-0,3.07458,0
1320,1,Rocket,20864,-3439.25,2237.69,21.5989,4.01923,-1.79994
1380,0,Ace,42166.3,4246,0,-0,3.07458,0
1380,1,Rocket,22158.5,-3197.86,2129.54,21.5497,4.02685,-1.80495
1440,0,Ace,42166.3,4430.47,0,-0,3.07458,0
1440,1,Rocket,23450.1,-2956.06,2021.12,21.5054,4.03284,-1.80899
1500,0,Ace,42166.3,4614.95,0,-0,3.07458,0
1500,1,Rocket,24739.1,-2713.94,1912.47,21.4654,4.03756,-1.81226
1560,0,Ace,42166.3,4799.42,0,-0,3.07458,0
1560,1,Rocket,26025.9,-2471.57,1803.65,21.4291,4.04128,-1.81493
1620,0,Ace,42166.3,4983.9,0,-0,3.07458,0
1620,1,Rocket,27310.7,-2229,1694.69,21.396,4.0442,-1.8171
1680,0,Ace,42166.3,5168.37,0,-0,3.07458,0
1680,1,Rocket,28593.5,-1986.27,1585.61,21.3658,4.04649,-1.81888
1740,0,Ace,42166.3,5352.85,0,-0,3.07458,0
1740,1,Rocket,29874.6,-1743.43,1476.43,21.338,4.04827,-1.82033
1800,0,Ace,42166.3,5537.32,0,-0,3.07458,0
1800,1,Rocket,31154.1,-1500.49,1367.17,21.3125,4.04963,-1.82153
1860,0,Ace,42166.3,5721.8,0,-0,3.07458,0
1860,1,Rocket,32432.1,-1257.48,1257.85,21.289,4.05065,-1.8225
1920,0,Ace,42166.3,5906.27,0,-0,3.07458,0
1920,1,Rocket,33708.8,-1014.41,1148.47,21.2671,4.05141,-1.8233
1980,0,Ace,42166.3,6090.75,0,-0,3.07458,0
1980,1,Rocket,34984.2,-771.31,1039.06,21.2469,4.05193,-1.82394
2040,0,Ace,42166.3,6275.22,0,-0,3.07458,0
2040,1,Rocket,36258.4,-528.183,929.602,21.2281,4.05228,-1.82446
2100,0,Ace,42166.3,6459.7,0,-0,3.07458,0
2100,1,Rocket,37531.5,-285.039,820.121,21.2105,4.05248,-1.82488
2160,0,Ace,42166.3,6644.17,0,-0,3.07458,0
2160,1,Rocket,38803.7,-41.8881,710.618,21.1941,4.05255,-1.82521
2220,0,Ace,42166.3,6828.65,0,-0,3.07458,0
2220,1,Rocket,40074.8,201.264,601.097,21.1787,4.05252,-1.82547
2280,0,Ace,42166.3,7013.12,0,-0,3.07458,0
2280,1,Rocket,41345.1,444.412,491.562,21.1643,4.05241,-1.82566
2340,0,Ace,42166.3,7197.6,0,-0,3.07458,0
2340,1,Rocket,42614.5,687.552,382.018,21.1507,4.05222,-1.82581
2400,0,Ace,42166.3,7382.07,0,-0,3.07458,0
2400,1,Rocket,43883.2,930.678,272.467,21.1379,4.05199,-1.8259
2460,0,Ace,42166.3,7566.55,0,-0,3.07458,0
2460,1,Rocket,45151.1,1173.79,162.91,21.1258,4.0517,-1.82596
2520,0,Ace,42166.3,7751.02,0,-0,3.07458,0
2520,1,Rocket,46418.3,1416.88,53.3517,21.1144,4.05138,-1.82599
2580,0,Ace,42166.3,7935.5,0,-0,3.07458,0
2580,1,Rocket,47684.8,1659.95,-56.2078,21.1036,4.05103,-1.82599
2640,0,Ace,42166.3,8119.97,0,-0,3.07458,0
2640,1,Rocket,48950.7,1903,-165.767,21.0934,4.05065,-1.82597
2700,0,Ace,42166.3,8304.45,0,-0,3.07458,0
2700,1,Rocket,50216,2146.03,-275.323,21.0837,4.05026,-1.82592
2760,0,Ace,42166.3,8488.92,0,-0,3.07458,0
2760,1,Rocket,51480.8,2389.03,-384.877,21.0745,4.04984,-1.82586
2820,0,Ace,42166.3,8673.4,0,-0,3.07458,0
2820,1,Rocket,52745,2632.01,-494.427,21.0657,4.04942,-1.82579
2880,0,Ace,42166.3,8857.87,0,-0,3.07458,0
2880,1,Rocket,54008.7,2874.96,-603.971,21.0573,4.04899,-1.8257
2940,0,Ace,42166.3,9042.35,0,-0,3.07458,0
2940,1,Rocket,55271.9,3117.89,-713.511,21.0494,4.04855,-1.82561
3000,0,Ace,42166.3,9226.82,0,-0,3.07458,0
3000,1,Rocket,56534.6,3360.79,-823.044,21.0417,4.04811,-1.8255
3060,0,Ace,42166.3,9411.3,0,-0,3.07458,0
3060,1,Rocket,57796.9,3603.66,-932.571,21.0345,4.04767,-1.82539
3120,0,Ace,42166.3,9595.77,0,-0,3.07458,0
3120,1,Rocket,59058.7,3846.51,-1042.09,21.0275,4.04723,-1.82527
3180,0,Ace,42166.3,9780.25,0,-0,3.07458,0
3180,1,Rocket,60320.2,4089.33,-1151.6,21.0208,4.04678,-1.82515
3240,0,Ace,42166.3,9964.72,0,-0,3.07458,0
3240,1,Rocket,61581.2,4332.12,-1261.11,21.0144,4.04634,-1.82503
3300,0,Ace,42166.3,10149.2,0,-0,3.07458,0
3300,1,Rocket,62841.9,4574.89,-1370.61,21.0083,4.0459,-1.8249
3360,0,Ace,42166.3,10333.7,0,-0,3.07458,0
3360,1,Rocket,64102.2,4817.63,-1480.1,21.0024,4.04547,-1.82476
3420,0,Ace,42166.3,10518.1,0,-0,3.07458,0
3420,1,Rocket,65362.2,5060.35,-1589.58,20.9968,4.04504,-1.82463
3480,0,Ace,42166.3,10702.6,0,-0,3.07458,0
3480,1,Rocket,66621.8,5303.03,-1699.05,20.9913,4.04461,-1.82449
3540,0,Ace,42166.3,10887.1,0,-0,3.07458,0
3540,1,Rocket,67881.1,5545.7,-1808.52,20.9861,4.04419,-1.82436
3600,0,Ace,42166.3,11071.6,0,-0,3.07458,0
3600,1,Rocket,69140.1,5788.34,-1917.97,20.9811,4.04377,-1.82422
3660,0,Ace,42166.3,11256,0,-0,3.07458,0
3660,1,Rocket,70398.9,6030.95,-2027.42,20.9762,4.04336,-1.82408
3720,0,Ace,42166.3,11440.5,0,-0,3.07458,0
3720,1,Rocket,71657.3,6273.54,-2136.86,20.9715,4.04295,-1.82395
3780,0,Ace,42166.3,11625,0,-0,3.07458,0
3780,1,Rocket,72915.4,6516.1,-2246.3,20.967,4.04255,-1.82381
3840,0,Ace,42166.3,11809.5,0,-0,3.07458,0
3840,1,Rocket,74173.3,6758.65,-2355.72,20.9626,4.04216,-1.82367
3900,0,Ace,42166.3,11993.9,0,-0,3.07458,0
3900,1,Rocket,75431,7001.16,-2465.14,20.9584,4.04177,-1.82354
3960,0,Ace,42166.3,12178.4,0,-0,3.07458,0
3960,1,Rocket,76688.3,7243.66,-2574.55,20.9543,4.04139,-1.8234
4020,0,Ace,42166.3,12362.9,0,-0,3.07458,0
4020,1,Rocket,77945.5,7486.13,-2683.95,20.9504,4.04102,-1.82327
4080,0,Ace,42166.3,12547.4,0,-0,3.07458,0
4080,1,Rocket,79202.4,7728.58,-2793.34,20.9466,4.04065,-1.82314
4140,0,Ace,42166.3,12731.8,0,-0,3.07458,0
4140,1,Rocket,80459.1,7971.01,-2902.72,20.9429,4.04028,-1.823
4200,0,Ace,42166.3,12916.3,0,-0,3.07458,0
4200,1,Rocket,81715.5,8213.41,-3012.1,20.9393,4.03993,-1.82287
4260,0,Ace,42166.3,13100.8,0,-0,3.07458,0
4260,1,Rocket,82971.8,8455.8,-3121.47,20.9358,4.03958,-1.82274
4320,0,Ace,42166.3,13285.3,0,-0,3.07458,0
4320,1,Rocket,84227.8,8698.16,-3230.83,20.9325,4.03923,-1.82262
4380,0,Ace,42166.3,13469.7,0,-0,3.07458,0
4380,1,Rocket,85483.7,8940.51,-3340.18,20.9292,4.03889,-1.82249
4440,0,Ace,42166.3,13654.2,0,-0,3.07458,0
4440,1,Rocket,86739.3,9182.83,-3449.53,20.9261,4.03856,-1.82237
4500,0,Ace,42166.3,13838.7,0,-0,3.07458,0
4500,1,Rocket,87994.8,9425.13,-3558.86,20.923,4.03823,-1.82224
4560,0,Ace,42166.3,14023.2,0,-0,3.07458,0
4560,1,Rocket,89250.1,9667.42,-3668.2,20.92,4.03791,-1.82212
4620,0,Ace,42166.3,14207.6,0,-0,3.07458,0
4620,1,Rocket,90505.2,9909.68,-3777.52,20.9171,4.03759,-1.822
4680,0,Ace,42166.3,14392.1,0,-0,3.07458,0
4680,1,Rocket,91760.1,10151.9,-3886.84,20.9143,4.03728,-1.82188
4740,0,Ace,42166.3,14576.6,0,-0,3.07458,0
4740,1,Rocket,93014.9,10394.2,-3996.14,20.9115,4.03698,-1.82176
4800,0,Ace,42166.3,14761.1,0,-0,3.07458,0
4800,1,Rocket,94269.5,10636.4,-4105.45,20.9089,4.03668,-1.82165
4860,0,Ace,42166.3,14945.5,0,-0,3.07458,0
4860,1,Rocket,95524,10878.6,-4214.74,20.9063,4.03638,-1.82154
4920,0,Ace,42166.3,15130,0,-0,3.07458,0
4920,1,Rocket,96778.3,11120.7,-4324.03,20.9037,4.03609,-1.82142
4980,0,Ace,42166.3,15314.5,0,-0,3.07458,0
4980,1,Rocket,98032.4,11362.9,-4433.31,20.9013,4.03581,-1.82131
5040,0,Ace,42166.3,15499,0,-0,3.07458,0
5040,1,Rocket,99286.4,11605,-4542.59,20.8989,4.03553,-1.8212
5100,0,Ace,42166.3,15683.4,0,-0,3.07458,0
5100,1,Rocket,100540,11847.2,-4651.86,20.8965,4.03526,-1.8211
5160,0,Ace,42166.3,15867.9,0,-0,3.07458,0
5160,1,Rocket,101794,12089.3,-4761.12,20.8942,4.03499,-1.82099
5220,0,Ace,42166.3,16052.4,0,-0,3.07458,0
5220,1,Rocket,103048,12331.3,-4870.38,20.892,4.03472,-1.82088
5280,0,Ace,42166.3,16236.9,0,-0,3.07458,0
5280,1,Rocket,104301,12573.4,-4979.63,20.8898,4.03446,-1.82078
5340,0,Ace,42166.3,16421.3,0,-0,3.07458,0
5340,1,Rocket,105554,12815.5,-5088.87,20.8877,4.0342,-1.82068
5400,0,Ace,42166.3,16605.8,0,-0,3.07458,0
5400,1,Rocket,106808,13057.5,-5198.11,20.8857,4.03395,-1.82058
5460,0,Ace,42166.3,16790.3,0,-0,3.07458,0
5460,1,Rocket,108061,13299.6,-5307.34,20.8836,4.0337,-1.82048
5520,0,Ace,42166.3,16974.8,0,-0,3.07458,0
5520,1,Rocket,109314,13541.6,-5416.57,20.8817,4.03346,-1.82038
5580,0,Ace,42166.3,17159.2,0,-0,3.07458,0
5580,1,Rocket,110566,13783.6,-5525.79,20.8797,4.03322,-1.82029
5640,0,Ace,42166.3,17343.7,0,-0,3.07458,0
5640,1,Rocket,111819,14025.6,-5635,20.8779,4.03299,-1.82019
5700,0,Ace,42166.3,17528.2,0,-0,3.07458,0
5700,1,Rocket,113072,14267.5,-5744.21,20.876,4.03275,-1.8201
5760,0,Ace,42166.3,17712.7,0,-0,3.07458,0
5760,1,Rocket,114324,14509.5,-5853.41,20.8742,4.03253,-1.82001
5820,0,Ace,42166.3,17897.1,0,-0,3.07458,0
5820,1,Rocket,115577,14751.4,-5962.61,20.8725,4.0323,-1.81992
5880,0,Ace,42166.3,18081.6,0,-0,3.07458,0
5880,1,Rocket,116829,14993.4,-6071.8,20.8707,4.03208,-1.81983
5940,0,Ace,42166.3,18266.1,0,-0,3.07458,0
5940,1,Rocket,118081,15235.3,-6180.99,20.869,4.03186,-1.81974
6000,0,Ace,42166.3,18450.6,0,-0,3.07458,0
6000,1,Rocket,119333,15477.2,-6290.17,20.8674,4.03165,-1.81965
6060,0,Ace,42166.3,18635,0,-0,3.07458,0
6060,1,Rocket,120585,15719.1,-6399.35,20.8658,4.03144,-1.81957
6120,0,Ace,42166.3,18819.5,0,-0,3.07458,0
6120,1,Rocket,121837,15961,-6508.52,20.8642,4.03123,-1.81948
6180,0,Ace,42166.3,19004,0,-0,3.07458,0
6180,1,Rocket,123089,16202.8,-6617.69,20.8627,4.03103,-1.8194
6240,0,Ace,42166.3,19188.5,0,-0,3.07458,0
6240,1,Rocket,124341,16444.7,-6726.85,20.8611,4.03083,-1.81932
6300,0,Ace,42166.3,19372.9,0,-0,3.07458,0
6300,1,Rocket,125592,16686.5,-6836,20.8597,4.03063,-1.81924
6360,0,Ace,42166.3,19557.4,0,-0,3.07458,0
6360,1,Rocket,126844,16928.4,-6945.16,20.8582,4.03044,-1.81916
6420,0,Ace,42166.3,19741.9,0,-0,3.07458,0
6420,1,Rocket,128095,17170.2,-7054.3,20.8568,4.03025,-1.81908
6480,0,Ace,42166.3,19926.4,0,-0,3.07458,0
6480,1,Rocket,129347,17412,-7163.45,20.8554,4.03006,-1.819
6540,0,Ace,42166.3,20110.8,0,-0,3.07458,0
6540,1,Rocket,130598,17653.8,-7272.58,20.854,4.02988,-1.81893
6600,0,Ace,42166.3,20295.3,0,-0,3.07458,0
6600,1,Rocket,131849,17895.6,-7381.72,20.8527,4.02969,-1.81885
6660,0,Ace,42166.3,20479.8,0,-0,3.07458,0
6660,1,Rocket,133100,18137.4,-7490.85,20.8513,4.02951,-1.81878
6720,0,Ace,42166.3,20664.3,0,-0,3.07458,0
6720,1,Rocket,134351,18379.1,-7599.97,20.85,4.02934,-1.81871
6780,0,Ace,42166.3,20848.7,0,-0,3.07458,0
6780,1,Rocket,135602,18620.9,-7709.09,20.8488,4.02916,-1.81863
6840,0,Ace,42166.3,21033.2,0,-0,3.07458,0
6840,1,Rocket,136853,18862.6,-7818.21,20.8475,4.02899,-1.81856
6900,0,Ace,42166.3,21217.7,0,-0,3.07458,0
6900,1,Rocket,138104,19104.4,-7927.32,20.8463,4.02882,-1.81849
6960,0,Ace,42166.3,21402.2,0,-0,3.07458,0
6960,1,Rocket,139355,19346.1,-8036.42,20.8451,4.02866,-1.81842
7020,0,Ace,42166.3,21586.6,0,-0,3.07458,0
7020,1,Rocket,140605,19587.8,-8145.53,20.8439,4.02849,-1.81835
7080,0,Ace,42166.3,21771.1,0,-0,3.07458,0
7080,1,Rocket,141856,19829.5,-8254.63,20.8428,4.02833,-1.81829
7140,0,Ace,42166.3,21955.6,0,-0,3.07458,0
7140,1,Rocket,143106,20071.2,-8363.72,20.8416,4.02817,-1.81822
7200,0,Ace,42166.3,22140.1,0,-0,3.07458,0
7200,1,Rocket,144357,20312.9,-8472.81,20.8405,4.02801,-1.81816
7260,0,Ace,42166.3,22324.5,0,-0,3.07458,0
7260,1,Rocket,145607,20554.6,-8581.9,20.8394,4.02786,-1.81809
7320,0,Ace,42166.3,22509,0,-0,3.07458,0
7320,1,Rocket,146858,20796.2,-8690.98,20.8383,4.02771,-1.81803
7380,0,Ace,42166.3,22693.5,0,-0,3.07458,0
7380,1,Rocket,148108,21037.9,-8800.06,20.8373,4.02756,-1.81796
7440,0,Ace,42166.3,22878,0,-0,3.07458,0
7440,1,Rocket,149358,21279.5,-8909.14,20.8362,4.02741,-1.8179
7500,0,Ace,42166.3,23062.4,0,-0,3.07458,0
7500,1,Rocket,150608,21521.2,-9018.21,20.8352,4.02726,-1.81784
7560,0,Ace,42166.3,23246.9,0,-0,3.07458,0
7560,1,Rocket,151858,21762.8,-9127.28,20.8342,4.02712,-1.81778
7620,0,Ace,42166.3,23431.4,0,-0,3.07458,0
7620,1,Rocket,153108,22004.4,-9236.35,20.8332,4.02697,-1.81772
7680,0,Ace,42166.3,23615.9,0,-0,3.07458,0
7680,1,Rocket,154358,22246,-9345.41,20.8322,4.02683,-1.81766
7740,0,Ace,42166.3,23800.3,0,-0,3.07458,0
7740,1,Rocket,155608,22487.6,-9454.47,20.8312,4.0267,-1.8176
7800,0,Ace,42166.3,23984.8,0,-0,3.07458,0
7800,1,Rocket,156858,22729.2,-9563.52,20.8303,4.02656,-1.81755
7860,0,Ace,42166.3,24169.3,0,-0,3.07458,0
7860,1,Rocket,158108,22970.8,-9672.57,20.8294,4.02642,-1.81749
7920,0,Ace,42166.3,24353.8,0,-0,3.07458,0
7920,1,Rocket,159358,23212.4,-9781.62,20.8285,4.02629,-1.81743
7980,0,Ace,42166.3,24538.2,0,-0,3.07458,0
7980,1,Rocket,160607,23454,-9890.66,20.8276,4.02616,-1.81738
8040,0,Ace,42166.3,24722.7,0,-0,3.07458,0
8040,1,Rocket,161857,23695.5,-9999.7,20.8267,4.02603,-1.81732
8100,0,Ace,42166.3,24907.2,0,-0,3.07458,0
8100,1,Rocket,163107,23937.1,-10108.7,20.8258,4.0259,-1.81727
8160,0,Ace,42166.3,25091.7,0,-0,3.07458,0
8160,1,Rocket,164356,24178.7,-10217.8,20.8249,4.02578,-1.81722
8220,0,Ace,42166.3,25276.1,0,-0,3.07458,0
8220,1,Rocket,165605,24420.2,-10326.8,20.8241,4.02565,-1.81716
8280,0,Ace,42166.3,25460.6,0,-0,3.07458,0
8280,1,Rocket,166855,24661.7,-10435.8,20.8233,4.02553,-1.81711
8340,0,Ace,42166.3,25645.1,0,-0,3.07458,0
8340,1,Rocket,168104,24903.3,-10544.9,20.8224,4.02541,-1.81706
8400,0,Ace,42166.3,25829.6,0,-0,3.07458,0
8400,1,Rocket,169354,25144.8,-10653.9,20.8216,4.02529,-1.81701
8460,0,Ace,42166.3,26014,0,-0,3.07458,0
8460,1,Rocket,170603,25386.3,-10762.9,20.8208,4.02517,-1.81696
8520,0,Ace,42166.3,26198.5,0,-0,3.07458,0
8520,1,Rocket,171852,25627.8,-10871.9,20.82,4.02505,-1.81691
8580,0,Ace,42166.3,26383,0,-0,3.07458,0
8580,1,Rocket,173101,25869.3,-10980.9,20.8193,4.02494,-1.81686
8640,0,Ace,42166.3,26567.5,0,-0,3.07458,0
8640,1,Rocket,174350,26110.8,-11089.9,20.8185,4.02482,-1.81681
8700,0,Ace,42166.3,26751.9,0,-0,3.07458,0
8700,1,Rocket,175600,26352.3,-11198.9,20.8178,4.02471,-1.81676
8760,0,Ace,42166.3,26936.4,0,-0,3.07458,0
8760,1,Rocket,176849,26593.8,-11308,20.817,4.0246,-1.81672
8820,0,Ace,42166.3,27120.9,0,-0,3.07458,0
8820,1,Rocket,178098,26835.2,-11417,20.8163,4.02449,-1.81667
8880,0,Ace,42166.3,27305.4,0,-0,3.07458,0
8880,1,Rocket,179347,27076.7,-11526,20.8156,4.02438,-1.81662
8940,0,Ace,42166.3,27489.8,0,-0,3.07458,0
8940,1,Rocket,180595,27318.2,-11634.9,20.8149,4.02427,-1.81658
9000,0,Ace,42166.3,27674.3,0,-0,3.07458,0
9000,1,Rocket,181844,27559.6,-11743.9,20.8142,4.02417,-1.81653
9060,0,Ace,42166.3,27858.8,0,-0,3.07458,0
9060,1,Rocket,183093,27801.1,-11852.9,20.8135,4.02406,-1.81649
9120,0,Ace,42166.3,28043.3,0,-0,3.07458,0
9120,1,Rocket,184342,28042.5,-11961.9,20.8128,4.02396,-1.81644
9180,0,Ace,42166.3,28227.7,0,-0,3.07458,0
9180,1,Rocket,185591,28283.9,-12070.9,20.8121,4.02386,-1.8164
9240,0,Ace,42166.3,28412.2,0,-0,3.07458,0
9240,1,Rocket,186839,28525.4,-12179.9,20.8115,4.02375,-1.81636
9300,0,Ace,42166.3,28596.7,0,-0,3.07458,0
9300,1,Rocket,188088,28766.8,-12288.9,20.8108,4.02365,-1.81631
9360,0,Ace,42166.3,28781.2,0,-0,3.07458,0
9360,1,Rocket,189337,29008.2,-12397.8,20.8102,4.02356,-1.81627
9420,0,Ace,42166.3,28965.6,0,-0,3.07458,0
9420,1,Rocket,190585,29249.6,-12506.8,20.8095,4.02346,-1.81623
9480,0,Ace,42166.3,29150.1,0,-0,3.07458,0
9480,1,Rocket,191834,29491,-12615.8,20.8089,4.02336,-1.81619
9540,0,Ace,42166.3,29334.6,0,-0,3.07458,0
9540,1,Rocket,193082,29732.4,-12724.8,20.8083,4.02327,-1.81615
9600,0,Ace,42166.3,29519.1,0,-0,3.07458,0
9600,1,Rocket,194331,29973.8,-12833.7,20.8077,4.02317,-1.81611
9660,0,Ace,42166.3,29703.5,0,-0,3.07458,0
9660,1,Rocket,195579,30215.2,-12942.7,20.8071,4.02308,-1.81607
9720,0,Ace,42166.3,29888,0,-0,3.07458,0
9720,1,Rocket,196828,30456.6,-13051.7,20.8065,4.02299,-1.81603
9780,0,Ace,42166.3,30072.5,0,-0,3.07458,0
9780,1,Rocket,198076,30698,-13160.6,20.8059,4.0229,-1.81599
9840,0,Ace,42166.3,30257,0,-0,3.07458,0
9840,1,Rocket,199324,30939.3,-13269.6,20.8053,4.02281,-1.81595
9900,0,Ace,42166.3,30441.4,0,-0,3.07458,0
9900,1,Rocket,200573,31180.7,-13378.5,20.8047,4.02272,-1.81591
9960,0,Ace,42166.3,30625.9,0,-0,3.07458,0
9960,1,Rocket,201821,31422,-13487.5,20.8042,4.02263,-1.81588
10020,0,Ace,42166.3,30810.4,0,-0,3.07458,0
10020,1,Rocket,203069,31663.4,-13596.4,20.8036,4.02254,-1.81584
10080,0,Ace,42166.3,30994.9,0,-0,3.07458,0
10080,1,Rocket,204317,31904.8,-13705.4,20.803,4.02246,-1.8158
10140,0,Ace,42166.3,31179.3,0,-0,3.07458,0
10140,1,Rocket,205565,32146.1,-13814.3,20.8025,4.02237,-1.81576
10200,0,Ace,42166.3,31363.8,0,-0,3.07458,0
10200,1,Rocket,206814,32387.4,-13923.3,20.802,4.02229,-1.81573
10260,0,Ace,42166.3,31548.3,0,-0,3.07458,0
10260,1,Rocket,208062,32628.8,-14032.2,20.8014,4.0222,-1.81569
10320,0,Ace,42166.3,31732.8,0,-0,3.07458,0
10320,1,Rocket,209310,32870.1,-14141.2,20.8009,4.02212,-1.81566
10380,0,Ace,42166.3,31917.2,0,-0,3.07458,0
10380,1,Rocket,210558,33111.4,-14250.1,20.8004,4.02204,-1.81562
10440,0,Ace,42166.3,32101.7,0,-0,3.07458,0
10440,1,Rocket,211806,33352.7,-14359,20.7999,4.02196,-1.81559
10500,0,Ace,42166.3,32286.2,0,-0,3.07458,0
10500,1,Rocket,213054,33594.1,-14468,20.7994,4.02188,-1.81555
10560,0,Ace,42166.3,32470.7,0,-0,3.07458,0
10560,1,Rocket,214302,33835.4,-14576.9,20.7989,4.0218,-1.81552
10620,0,Ace,42166.3,32655.1,0,-0,3.07458,0
10620,1,Rocket,215550,34076.7,-14685.8,20.7984,4.02172,-1.81548
10680,0,Ace,42166.3,32839.6,0,-0,3.07458,0
10680,1,Rocket,216798,34318,-14794.8,20.7979,4.02164,-1.81545
10740,0,Ace,42166.3,33024.1,0,-0,3.07458,0
10740,1,Rocket,218045,34559.3,-14903.7,20.7974,4.02157,-1.81542
10800,0,Ace,42166.3,33208.6,0,-0,3.07458,0
10800,1,Rocket,219293,34800.6,-15012.6,20.7969,4.02149,-1.81539
10860,0,Ace,42166.3,33393,0,-0,3.07458,0
10860,1,Rocket,220541,35041.9,-15121.5,20.7964,4.02141,-1.81535
10920,0,Ace,42166.3,33577.5,0,-0,3.07458,0
10920,1,Rocket,221789,35283.1,-15230.5,20.796,4.02134,-1.81532
10980,0,Ace,42166.3,33762,0,-0,3.07458,0
10980,1,Rocket,223037,35524.4,-15339.4,20.7955,4.02127,-1.81529
11040,0,Ace,42166.3,33946.5,0,-0,3.07458,0
11040,1,Rocket,224284,35765.7,-15448.3,20.795,4.02119,-1.81526
11100,0,Ace,42166.3,34130.9,0,-0,3.07458,0
11100,1,Rocket,225532,36007,-15557.2,20.7946,4.02112,-1.81523
11160,0,Ace,42166.3,34315.4,0,-0,3.07458,0
11160,1,Rocket,226780,36248.2,-15666.1,20.7941,4.02105,-1.8152
11220,0,Ace,42166.3,34499.9,0,-0,3.07458,0
11220,1,Rocket,228027,36489.5,-15775,20.7937,4.02098,-1.81516
11280,0,Ace,42166.3,34684.4,0,-0,3.07458,0
11280,1,Rocket,229275,36730.7,-15883.9,20.7933,4.02091,-1.81513
11340,0,Ace,42166.3,34868.8,0,-0,3.07458,0
11340,1,Rocket,230522,36972,-15992.8,20.7928,4.02084,-1.8151
11400,0,Ace,42166.3,35053.3,0,-0,3.07458,0
11400,1,Rocket,231770,37213.2,-16101.7,20.7924,4.02077,-1.81507
11460,0,Ace,42166.3,35237.8,0,-0,3.07458,0
11460,1,Rocket,233018,37454.5,-16210.7,20.792,4.0207,-1.81505
11520,0,Ace,42166.3,35422.3,0,-0,3.07458,0
11520,1,Rocket,234265,37695.7,-16319.6,20.7916,4.02064,-1.81502
11580,0,Ace,42166.3,35606.7,0,-0,3.07458,0
11580,1,Rocket,235513,37937,-16428.5,20.7912,4.02057,-1.81499
11640,0,Ace,42166.3,35791.2,0,-0,3.07458,0
11640,1,Rocket,236760,38178.2,-16537.4,20.7907,4.0205,-1.81496
11700,0,Ace,42166.3,35975.7,0,-0,3.07458,0
11700,1,Rocket,238007,38419.4,-16646.2,20.7903,4.02044,-1.81493
11760,0,Ace,42166.3,36160.2,0,-0,3.07458,0
11760,1,Rocket,239255,38660.6,-16755.1,20.7899,4.02037,-1.8149
11820,0,Ace,42166.3,36344.6,0,-0,3.07458,0
11820,1,Rocket,240502,38901.9,-16864,20.7895,4.02031,-1.81487
11880,0,Ace,42166.3,36529.1,0,-0,3.07458,0
11880,1,Rocket,241750,39143.1,-16972.9,20.7891,4.02025,-1.81485
11940,0,Ace,42166.3,36713.6,0,-0,3.07458,0
11940,1,Rocket,242997,39384.3,-17081.8,20.7888,4.02018,-1.81482
12000,0,Ace,42166.3,36898.1,0,-0,3.07458,0
12000,1,Rocket,244244,39625.5,-17190.7,20.7884,4.02012,-1.81479
12060,0,Ace,42166.3,37082.5,0,-0,3.07458,0
12060,1,Rocket,245492,39866.7,-17299.6,20.788,4.02006,-1.81477
12120,0,Ace,42166.3,37267,0,-0,3.07458,0
12120,1,Rocket,246739,40107.9,-17408.5,20.7876,4.02,-1.81474
12180,0,Ace,42166.3,37451.5,0,-0,3.07458,0
12180,1,Rocket,247986,40349.1,-17517.4,20.7872,4.01994,-1.81471
12240,0,Ace,42166.3,37636,0,-0,3.07458,0
12240,1,Rocket,249233,40590.3,-17626.2,20.7869,4.01988,-1.81469
12300,0,Ace,42166.3,37820.4,0,-0,3.07458,0
12300,1,Rocket,250480,40831.5,-17735.1,20.7865,4.01982,-1.81466
12360,0,Ace,42166.3,38004.9,0,-0,3.07458,0
12360,1,Rocket,251728,41072.7,-17844,20.7861,4.01976,-1.81464
12420,0,Ace,42166.3,38189.4,0,-0,3.07458,0
12420,1,Rocket,252975,41313.9,-17952.9,20.7858,4.0197,-1.81461
12480,0,Ace,42166.3,38373.9,0,-0,3.07458,0
12480,1,Rocket,254222,41555,-18061.8,20.7854,4.01964,-1.81458
12540,0,Ace,42166.3,38558.3,0,-0,3.07458,0
12540,1,Rocket,255469,41796.2,-18170.6,20.7851,4.01958,-1.81456
12600,0,Ace,42166.3,38742.8,0,-0,3.07458,0
12600,1,Rocket,256716,42037.4,-18279.5,20.7847,4.01953,-1.81453
12660,0,Ace,42166.3,38927.3,0,-0,3.07458,0
12660,1,Rocket,257963,42278.6,-18388.4,20.7844,4.01947,-1.81451
12720,0,Ace,42166.3,39111.8,0,-0,3.07458,0
12720,1,Rocket,259210,42519.7,-18497.2,20.784,4.01941,-1.81449
12780,0,Ace,42166.3,39296.2,0,-0,3.07458,0
12780,1,Rocket,260457,42760.9,-18606.1,20.7837,4.01936,-1.81446
12840,0,Ace,42166.3,39480.7,0,-0,3.07458,0
12840,1,Rocket,261704,43002.1,-18715,20.7834,4.0193,-1.81444
12900,0,Ace,42166.3,39665.2,0,-0,3.07458,0
12900,1,Rocket,262951,43243.2,-18823.8,20.783,4.01925,-1.81441
12960,0,Ace,42166.3,39849.7,0,-0,3.07458,0
12960,1,Rocket,264198,43484.4,-18932.7,20.7827,4.0192,-1.81439
13020,0,Ace,42166.3,40034.1,0,-0,3.07458,0
13020,1,Rocket,265445,43725.5,-19041.6,20.7824,4.01914,-1.81437
13080,0,Ace,42166.3,40218.6,0,-0,3.07458,0
13080,1,Rocket,266692,43966.7,-19150.4,20.7821,4.01909,-1.81434
13140,0,Ace,42166.3,40403.1,0,-0,3.07458,0
13140,1,Rocket,267939,44207.8,-19259.3,20.7817,4.01904,-1.81432
13200,0,Ace,42166.3,40587.6,0,-0,3.07458,0
13200,1,Rocket,269186,44448.9,-19368.2,20.7814,4.01898,-1.8143
13260,0,Ace,42166.3,40772,0,-0,3.07458,0
13260,1,Rocket,270433,44690.1,-19477,20.7811,4.01893,-1.81428
13320,0,Ace,42166.3,40956.5,0,-0,3.07458,0
13320,1,Rocket,271680,44931.2,-19585.9,20.7808,4.01888,-1.81425
13380,0,Ace,42166.3,41141,0,-0,3.07458,0
13380,1,Rocket,272927,45172.3,-19694.7,20.7805,4.01883,-1.81423
13440,0,Ace,42166.3,41325.5,0,-0,3.07458,0
13440,1,Rocket,274173,45413.5,-19803.6,20.7802,4.01878,-1.81421
13500,0,Ace,42166.3,41509.9,0,-0,3.07458,0
13500,1,Rocket,275420,45654.6,-19912.4,20.7799,4.01873,-1.81419
13560,0,Ace,42166.3,41694.4,0,-0,3.07458,0
13560,1,Rocket,276667,45895.7,-20021.3,20.7796,4.01868,-1.81417
13620,0,Ace,42166.3,41878.9,0,-0,3.07458,0
13620,1,Rocket,277914,46136.8,-20130.1,20.7793,4.01863,-1.81414
13680,0,Ace,42166.3,42063.4,0,-0,3.07458,0
13680,1,Rocket,279160,46378,-20239,20.779,4.01858,-1.81412
13740,0,Ace,42166.3,42247.8,0,-0,3.07458,0
13740,1,Rocket,280407,46619.1,-20347.8,20.7787,4.01853,-1.8141
13800,0,Ace,42166.3,42432.3,0,-0,3.07458,0
13800,1,Rocket,281654,46860.2,-20456.7,20.7784,4.01849,-1.81408
13860,0,Ace,42166.3,42616.8,0,-0,3.07458,0
13860,1,Rocket,282901,47101.3,-20565.5,20.7781,4.01844,-1.81406
13920,0,Ace,42166.3,42801.3,0,-0,3.07458,0
13920,1,Rocket,284147,47342.4,-20674.4,20.7779,4.01839,-1.81404
13980,0,Ace,42166.3,42985.7,0,-0,3.07458,0
13980,1,Rocket,285394,47583.5,-20783.2,20.7776,4.01834,-1.81402
14040,0,Ace,42166.3,43170.2,0,-0,3.07458,0
14040,1,Rocket,286641,47824.6,-20892,20.7773,4.0183,-1.814
14100,0,Ace,42166.3,43354.7,0,-0,3.07458,0
14100,1,Rocket,287887,48065.7,-21000.9,20.777,4.01825,-1.81398
14160,0,Ace,42166.3,43539.2,0,-0,3.07458,0
14160,1,Rocket,289134,48306.8,-21109.7,20.7767,4.01821,-1.81396
14220,0,Ace,42166.3,43723.6,0,-0,3.07458,0
14220,1,Rocket,290380,48547.9,-21218.6,20.7765,4.01816,-1.81394
14280,0,Ace,42166.3,43908.1,0,-0,3.07458,0
14280,1,Rocket,291627,48789,-21327.4,20.7762,4.01812,-1.81392
14340,0,Ace,42166.3,44092.6,0,-0,3.07458,0
14340,1,Rocket,292874,49030.1,-21436.2,20.7759,4.01807,-1.8139
14400,0,Ace,42166.3,44277.1,0,-0,3.07458,0
14400,1,Rocket,294120,49271.1,-21545.1,20.7757,4.01803,-1.81388
14460,0,Ace,42166.3,44461.5,0,-0,3.07458,0
14460,1,Rocket,295367,49512.2,-21653.9,20.7754,4.01798,-1.81386
14520,0,Ace,42166.3,44646,0,-0,3.07458,0
14520,1,Rocket,296613,49753.3,-21762.7,20.7752,4.01794,-1.81384
14580,0,Ace,42166.3,44830.5,0,-0,3.07458,0
14580,1,Rocket,297860,49994.4,-21871.5,20.7749,4.0179,-1.81382
14640,0,Ace,42166.3,45015,0,-0,3.07458,0
14640,1,Rocket,299106,50235.4,-21980.4,20.7746,4.01785,-1.8138
14700,0,Ace,42166.3,45199.4,0,-0,3.07458,0
14700,1,Rocket,300353,50476.5,-22089.2,20.7744,4.01781,-1.81379
14760,0,Ace,42166.3,45383.9,0,-0,3.07458,0
14760,1,Rocket,301599,50717.6,-22198,20.7741,4.01777,-1.81377
14820,0,Ace,42166.3,45568.4,0,-0,3.07458,0
14820,1,Rocket,302846,50958.6,-22306.9,20.7739,4.01773,-1.81375
14880,0,Ace,42166.3,45752.9,0,-0,3.07458,0
14880,1,Rocket,304092,51199.7,-22415.7,20.7736,4.01769,-1.81373
14940,0,Ace,42166.3,45937.3,0,-0,3.07458,0
14940,1,Rocket,305338,51440.8,-22524.5,20.7734,4.01764,-1.81371
15000,0,Ace,42166.3,46121.8,0,-0,3.07458,0
15000,1,Rocket,306585,51681.8,-22633.3,20.7732,4.0176,-1.8137
15060,0,Ace,42166.3,46306.3,0,-0,3.07458,0
15060,1,Rocket,307831,51922.9,-22742.1,20.7729,4.01756,-1.81368
15120,0,Ace,42166.3,46490.8,0,-0,3.07458,0
15120,1,Rocket,309078,52163.9,-22851,20.7727,4.01752,-1.81366
15180,0,Ace,42166.3,46675.2,0,-0,3.07458,0
15180,1,Rocket,310324,52405,-22959.8,20.7724,4.01748,-1.81364
15240,0,Ace,42166.3,46859.7,0,-0,3.07458,0
15240,1,Rocket,311570,52646,-23068.6,20.7722,4.01744,-1.81362
15300,0,Ace,42166.3,47044.2,0,-0,3.07458,0
15300,1,Rocket,312817,52887.1,-23177.4,20.772,4.0174,-1.81361
15360,0,Ace,42166.3,47228.7,0,-0,3.07458,0
15360,1,Rocket,314063,53128.1,-23286.2,20.7717,4.01736,-1.81359
15420,0,Ace,42166.3,47413.1,0,-0,3.07458,0
15420,1,Rocket,315309,53369.2,-23395.1,20.7715,4.01732,-1.81357
15480,0,Ace,42166.3,47597.6,0,-0,3.07458,0
15480,1,Rocket,316555,53610.2,-23503.9,20.7713,4.01729,-1.81356
15540,0,Ace,42166.3,47782.1,0,-0,3.07458,0
15540,1,Rocket,317802,53851.2,-23612.7,20.7711,4.01725,-1.81354
15600,0,Ace,42166.3,47966.6,0,-0,3.07458,0
15600,1,Rocket,319048,54092.3,-23721.5,20.7708,4.01721,-1.81352
15660,0,Ace,42166.3,48151,0,-0,3.07458,0
15660,1,Rocket,320294,54333.3,-23830.3,20.7706,4.01717,-1.81351
15720,0,Ace,42166.3,48335.5,0,-0,3.07458,0
15720,1,Rocket,321540,54574.3,-23939.1,20.7704,4.01713,-1.81349
15780,0,Ace,42166.3,48520,0,-0,3.07458,0
15780,1,Rocket,322787,54815.4,-24047.9,20.7702,4.0171,-1.81347
15840,0,Ace,42166.3,48704.5,0,-0,3.07458,0
15840,1,Rocket,324033,55056.4,-24156.7,20.7699,4.01706,-1.81346
15900,0,Ace,42166.3,48888.9,0,-0,3.07458,0
15900,1,Rocket,325279,55297.4,-24265.5,20.7697,4.01702,-1.81344
15960,0,Ace,42166.3,49073.4,0,-0,3.07458,0
15960,1,Rocket,326525,55538.4,-24374.3,20.7695,4.01699,-1.81343
16020,0,Ace,42166.3,49257.9,0,-0,3.07458,0
16020,1,Rocket,327771,55779.4,-24483.1,20.7693,4.01695,-1.81341
16080,0,Ace,42166.3,49442.4,0,-0,3.07458,0
16080,1,Rocket,329018,56020.5,-24592,20.7691,4.01692,-1.81339
16140,0,Ace,42166.3,49626.8,0,-0,3.07458,0
16140,1,Rocket,330264,56261.5,-24700.8,20.7689,4.01688,-1.81338
16200,0,Ace,42166.3,49811.3,0,-0,3.07458,0
16200,1,Rocket,331510,56502.5,-24809.6,20.7687,4.01684,-1.81336
16260,0,Ace,42166.3,49995.8,0,-0,3.07458,0
16260,1,Rocket,332756,56743.5,-24918.4,20.7685,4.01681,-1.81335
16320,0,Ace,42166.3,50180.3,0,-0,3.07458,0
16320,1,Rocket,334002,56984.5,-25027.2,20.7683,4.01677,-1.81333
16380,0,Ace,42166.3,50364.7,0,-0,3.07458,0
16380,1,Rocket,335248,57225.5,-25136,20.7681,4.01674,-1.81332
16440,0,Ace,42166.3,50549.2,0,-0,3.07458,0
16440,1,Rocket,336494,57466.5,-25244.8,20.7679,4.01671,-1.8133
16500,0,Ace,42166.3,50733.7,0,-0,3.07458,0
16500,1,Rocket,337740,57707.5,-25353.6,20.7677,4.01667,-1.81329
16560,0,Ace,42166.3,50918.2,0,-0,3.07458,0
16560,1,Rocket,338986,57948.5,-25462.3,20.7675,4.01664,-1.81327
16620,0,Ace,42166.3,51102.6,0,-0,3.07458,0
16620,1,Rocket,340232,58189.5,-25571.1,20.7673,4.0166,-1.81326
16680,0,Ace,42166.3,51287.1,0,-0,3.07458,0
16680,1,Rocket,341478,58430.5,-25679.9,20.7671,4.01657,-1.81324
16740,0,Ace,42166.3,51471.6,0,-0,3.07458,0
16740,1,Rocket,342724,58671.5,-25788.7,20.7669,4.01654,-1.81323
16800,0,Ace,42166.3,51656.1,0,-0,3.07458,0
16800,1,Rocket,343970,58912.5,-25897.5,20.7667,4.0165,-1.81321
16860,0,Ace,42166.3,51840.5,0,-0,3.07458,0
16860,1,Rocket,345216,59153.5,-26006.3,20.7665,4.01647,-1.8132
16920,0,Ace,42166.3,52025,0,-0,3.07458,0
16920,1,Rocket,346462,59394.5,-26115.1,20.7663,4.01644,-1.81318
16980,0,Ace,42166.3,52209.5,0,-0,3.07458,0
16980,1,Rocket,347708,59635.4,-26223.9,20.7661,4.01641,-1.81317
17040,0,Ace,42166.3,52394,0,-0,3.07458,0
17040,1,Rocket,348954,59876.4,-26332.7,20.7659,4.01637,-1.81316
17100,0,Ace,42166.3,52578.4,0,-0,3.07458,0
17100,1,Rocket,350200,60117.4,-26441.5,20.7657,4.01634,-1.81314
17160,0,Ace,42166.3,52762.9,0,-0,3.07458,0
17160,1,Rocket,351446,60358.4,-26550.3,20.7656,4.01631,-1.81313
17220,0,Ace,42166.3,52947.4,0,-0,3.07458,0
17220,1,Rocket,352692,60599.4,-26659.1,20.7654,4.01628,-1.81311
17280,0,Ace,42166.3,53131.9,0,-0,3.07458,0
17280,1,Rocket,353938,60840.3,-26767.8,20.7652,4.01625,-1.8131
17340,0,Ace,42166.3,53316.3,0,-0,3.07458,0
17340,1,Rocket,355184,61081.3,-26876.6,20.765,4.01622,-1.81309
17400,0,Ace,42166.3,53500.8,0,-0,3.07458,0
17400,1,Rocket,356430,61322.3,-26985.4,20.7648,4.01619,-1.81307
17460,0,Ace,42166.3,53685.3,0,-0,3.07458,0
17460,1,Rocket,357676,61563.3,-27094.2,20.7647,4.01616,-1.81306
17520,0,Ace,42166.3,53869.8,0,-0,3.07458,0
17520,1,Rocket,358922,61804.2,-27203,20.7645,4.01612,-1.81305
17580,0,Ace,42166.3,54054.2,0,-0,3.07458,0
17580,1,Rocket,360167,62045.2,-27311.8,20.7643,4.01609,-1.81303
17640,0,Ace,42166.3,54238.7,0,-0,3.07458,0
17640,1,Rocket,361413,62286.2,-27420.5,20.7641,4.01606,-1.81302
17700,0,Ace,42166.3,54423.2,0,-0,3.07458,0
17700,1,Rocket,362659,62527.1,-27529.3,20.764,4.01603,-1.81301
17760,0,Ace,42166.3,54607.7,0,-0,3.07458,0
17760,1,Rocket,363905,62768.1,-27638.1,20.7638,4.01601,-1.81299
17820,0,Ace,42166.3,54792.1,0,-0,3.07458,0
17820,1,Rocket,365151,63009,-27746.9,20.7636,4.01598,-1.81298
17880,0,Ace,42166.3,54976.6,0,-0,3.07458,0
17880,1,Rocket,366397,63250,-27855.7,20.7634,4.01595,-1.81297
17940,0,Ace,42166.3,55161.1,0,-0,3.07458,0
17940,1,Rocket,367642,63491,-27964.4,20.7633,4.01592,-1.81295
18000,0,Ace,42166.3,55345.6,0,-0,3.07458,0
18000,1,Rocket,368888,63731.9,-28073.2,20.7631,4.01589,-1.81294
18060,0,Ace,42166.3,55530,0,-0,3.07458,0
18060,1,Rocket,370134,63972.9,-28182,20.7629,4.01586,-1.81293
18120,0,Ace,42166.3,55714.5,0,-0,3.07458,0
18120,1,Rocket,371380,64213.8,-28290.8,20.7628,4.01583,-1.81292
18180,0,Ace,42166.3,55899,0,-0,3.07458,0
18180,1,Rocket,372626,64454.8,-28399.5,20.7626,4.0158,-1.8129
18240,0,Ace,42166.3,56083.5,0,-0,3.07458,0
18240,1,Rocket,373871,64695.7,-28508.3,20.7624,4.01577,-1.81289
18300,0,Ace,42166.3,56267.9,0,-0,3.07458,0
18300,1,Rocket,375117,64936.7,-28617.1,20.7623,4.01575,-1.81288
18360,0,Ace,42166.3,56452.4,0,-0,3.07458,0
18360,1,Rocket,376363,65177.6,-28725.9,20.7621,4.01572,-1.81287
18420,0,Ace,42166.3,56636.9,0,-0,3.07458,0
18420,1,Rocket,377608,65418.5,-28834.6,20.762,4.01569,-1.81286
18480,0,Ace,42166.3,56821.4,0,-0,3.07458,0
18480,1,Rocket,378854,65659.5,-28943.4,20.7618,4.01566,-1.81284
18540,0,Ace,42166.3,57005.8,0,-0,3.07458,0
18540,1,Rocket,380100,65900.4,-29052.2,20.7616,4.01564,-1.81283
18600,0,Ace,42166.3,57190.3,0,-0,3.07458,0
18600,1,Rocket,381346,66141.4,-29160.9,20.7615,4.01561,-1.81282
18660,0,Ace,42166.3,57374.8,0,-0,3.07458,0
18660,1,Rocket,382591,66382.3,-29269.7,20.7613,4.01558,-1.81281
18720,0,Ace,42166.3,57559.3,0,-0,3.07458,0
18720,1,Rocket,383837,66623.2,-29378.5,20.7612,4.01556,-1.8128
18780,0,Ace,42166.3,57743.7,0,-0,3.07458,0
18780,1,Rocket,385083,66864.2,-29487.2,20.761,4.01553,-1.81278
18840,0,Ace,42166.3,57928.2,0,-0,3.07458,0
18840,1,Rocket,386328,67105.1,-29596,20.7609,4.0155,-1.81277
18900,0,Ace,42166.3,58112.7,0,-0,3.07458,0
18900,1,Rocket,387574,67346,-29704.8,20.7607,4.01548,-1.81276
18960,0,Ace,42166.3,58297.2,0,-0,3.07458,0
18960,1,Rocket,388820,67586.9,-29813.5,20.7606,4.01545,-1.81275
19020,0,Ace,42166.3,58481.6,0,-0,3.07458,0
19020,1,Rocket,390065,67827.9,-29922.3,20.7604,4.01542,-1.81274
19080,0,Ace,42166.3,58666.1,0,-0,3.07458,0
19080,1,Rocket,391311,68068.8,-30031.1,20.7603,4.0154,-1.81273
19140,0,Ace,42166.3,58850.6,0,-0,3.07458,0
19140,1,Rocket,392556,68309.7,-30139.8,20.7601,4.01537,-1.81271
19200,0,Ace,42166.3,59035.1,0,-0,3.07458,0
19200,1,Rocket,393802,68550.6,-30248.6,20.76,4.01535,-1.8127
19260,0,Ace,42166.3,59219.5,0,-0,3.07458,0
19260,1,Rocket,395048,68791.6,-30357.4,20.7598,4.01532,-1.81269
19320,0,Ace,42166.3,59404,0,-0,3.07458,0
19320,1,Rocket,396293,69032.5,-30466.1,20.7597,4.0153,-1.81268
19380,0,Ace,42166.3,59588.5,0,-0,3.07458,0
19380,1,Rocket,397539,69273.4,-30574.9,20.7595,4.01527,-1.81267
19440,0,Ace,42166.3,59773,0,-0,3.07458,0
19440,1,Rocket,398784,69514.3,-30683.6,20.7594,4.01525,-1.81266
19500,0,Ace,42166.3,59957.4,0,-0,3.07458,0
19500,1,Rocket,400030,69755.2,-30792.4,20.7593,4.01522,-1.81265
19560,0,Ace,42166.3,60141.9,0,-0,3.07458,0
19560,1,Rocket,401275,69996.1,-30901.2,20.7591,4.0152,-1.81264
19620,0,Ace,42166.3,60326.4,0,-0,3.07458,0
19620,1,Rocket,402521,70237.1,-31009.9,20.759,4.01517,-1.81263
19680,0,Ace,42166.3,60510.9,0,-0,3.07458,0
19680,1,Rocket,403767,70478,-31118.7,20.7588,4.01515,-1.81262
19740,0,Ace,42166.3,60695.3,0,-0,3.07458,0
19740,1,Rocket,405012,70718.9,-31227.4,20.7587,4.01512,-1.8126
19800,0,Ace,42166.3,60879.8,0,-0,3.07458,0
19800,1,Rocket,406258,70959.8,-31336.2,20.7586,4.0151,-1.81259
19860,0,Ace,42166.3,61064.3,0,-0,3.07458,0
19860,1,Rocket,407503,71200.7,-31444.9,20.7584,4.01508,-1.81258
19920,0,Ace,42166.3,61248.8,0,-0,3.07458,0
19920,1,Rocket,408749,71441.6,-31553.7,20.7583,4.01505,-1.81257
19980,0,Ace,42166.3,61433.2,0,-0,3.07458,0
19980,1,Rocket,409994,71682.5,-31662.5,20.7582,4.01503,-1.81256
20040,0,Ace,42166.3,61617.7,0,-0,3.07458,0
20040,1,Rocket,411240,71923.4,-31771.2,20.758,4.015,-1.81255
20100,0,Ace,42166.3,61802.2,0,-0,3.07458,0
20100,1,Rocket,412485,72164.3,-31880,20.7579,4.01498,-1.81254
20160,0,Ace,42166.3,61986.7,0,-0,3.07458,0
20160,1,Rocket,413731,72405.2,-31988.7,20.7578,4.01496,-1.81253
20220,0,Ace,42166.3,62171.1,0,-0,3.07458,0
20220,1,Rocket,414976,72646.1,-32097.5,20.7576,4.01494,-1.81252
20280,0,Ace,42166.3,62355.6,0,-0,3.07458,0
20280,1,Rocket,416221,72887,-32206.2,20.7575,4.01491,-1.81251
20340,0,Ace,42166.3,62540.1,0,-0,3.07458,0
20340,1,Rocket,417467,73127.9,-32315,20.7574,4.01489,-1.8125
20400,0,Ace,42166.3,62724.6,0,-0,3.07458,0
20400,1,Rocket,418712,73368.8,-32423.7,20.7572,4.01487,-1.81249
20460,0,Ace,42166.3,62909,0,-0,3.07458,0
20460,1,Rocket,419958,73609.7,-32532.5,20.7571,4.01484,-1.81248
20520,0,Ace,42166.3,63093.5,0,-0,3.07458,0
20520,1,Rocket,421203,73850.5,-32641.2,20.757,4.01482,-1.81247
20580,0,Ace,42166.3,63278,0,-0,3.07458,0
20580,1,Rocket,422449,74091.4,-32750,20.7568,4.0148,-1.81246
20640,0,Ace,42166.3,63462.5,0,-0,3.07458,0
20640,1,Rocket,423694,74332.3,-32858.7,20.7567,4.01478,-1.81245
20700,0,Ace,42166.3,63646.9,0,-0,3.07458,0
20700,1,Rocket,424939,74573.2,-32967.5,20.7566,4.01475,-1.81244
20760,0,Ace,42166.3,63831.4,0,-0,3.07458,0
20760,1,Rocket,426185,74814.1,-33076.2,20.7565,4.01473,-1.81243
20820,0,Ace,42166.3,64015.9,0,-0,3.07458,0
20820,1,Rocket,427430,75055,-33184.9,20.7563,4.01471,-1.81242
20880,0,Ace,42166.3,64200.4,0,-0,3.07458,0
20880,1,Rocket,428676,75295.9,-33293.7,20.7562,4.01469,-1.81241
20940,0,Ace,42166.3,64384.8,0,-0,3.07458,0
20940,1,Rocket,429921,75536.7,-33402.4,20.7561,4.01467,-1.8124
21000,0,Ace,42166.3,64569.3,0,-0,3.07458,0
21000,1,Rocket,431166,75777.6,-33511.2,20.756,4.01465,-1.81239
21060,0,Ace,42166.3,64753.8,0,-0,3.07458,0
21060,1,Rocket,432412,76018.5,-33619.9,20.7559,4.01462,-1.81238
21120,0,Ace,42166.3,64938.3,0,-0,3.07458,0
21120,1,Rocket,433657,76259.4,-33728.7,20.7557,4.0146,-1.81238
21180,0,Ace,42166.3,65122.7,0,-0,3.07458,0
21180,1,Rocket,434902,76500.3,-33837.4,20.7556,4.01458,-1.81237
21240,0,Ace,42166.3,65307.2,0,-0,3.07458,0
21240,1,Rocket,436148,76741.1,-33946.2,20.7555,4.01456,-1.81236
21300,0,Ace,42166.3,65491.7,0,-0,3.07458,0
21300,1,Rocket,437393,76982,-34054.9,20.7554,4.01454,-1.81235
21360,0,Ace,42166.3,65676.2,0,-0,3.07458,0
21360,1,Rocket,438638,77222.9,-34163.6,20.7553,4.01452,-1.81234
21420,0,Ace,42166.3,65860.6,0,-0,3.07458,0
21420,1,Rocket,439884,77463.7,-34272.4,20.7551,4.0145,-1.81233
21480,0,Ace,42166.3,66045.1,0,-0,3.07458,0
21480,1,Rocket,441129,77704.6,-34381.1,20.755,4.01448,-1.81232
21540,0,Ace,42166.3,66229.6,0,-0,3.07458,0
21540,1,Rocket,442374,77945.5,-34489.9,20.7549,4.01446,-1.81231
21600,0,Ace,42166.3,66414.1,0,-0,3.07458,0
21600,1,Rocket,443620,78186.3,-34598.6,20.7548,4.01444,-1.8123
